INFO:root:Namespace(data='wikipedia', bs=100, prefix='hello_world', n_degree=15, n_head=2, n_epoch=50, n_layer=3, lr=5e-05, drop_out=0.1, gpu=0, attn_mode='prod', time='time', uniform=True, dt=1.0, sl_alpha=0.04, sl_omega=0.5, sl_beta=1.0, sl_gamma=0.0, coupling_strength=1.0)
INFO:utils.sl_module:Using time encoding
INFO:root:num of training instances: 81029
INFO:root:num of batches per epoch: 811
INFO:root:start 0 epoch
/leonardo_work/IscrC_SISTER/tripteshb/venv/lib/python3.11/site-packages/numpy/_core/fromnumeric.py:3824: RuntimeWarning: Mean of empty slice
  return _methods._mean(a, axis=axis, dtype=dtype,
/leonardo_work/IscrC_SISTER/tripteshb/venv/lib/python3.11/site-packages/numpy/_core/_methods.py:142: RuntimeWarning: invalid value encountered in scalar divide
  ret = ret.dtype.type(ret / rcount)
/leonardo_work/IscrC_SISTER/tripteshb/venv/lib/python3.11/site-packages/numpy/_core/fromnumeric.py:3824: RuntimeWarning: Mean of empty slice
  return _methods._mean(a, axis=axis, dtype=dtype,
/leonardo_work/IscrC_SISTER/tripteshb/venv/lib/python3.11/site-packages/numpy/_core/_methods.py:142: RuntimeWarning: invalid value encountered in scalar divide
  ret = ret.dtype.type(ret / rcount)
INFO:root:epoch: 0
INFO:root:Epoch mean loss: 0.8478713462958354
INFO:root:train acc: 0.7937854500616522, val acc: 0.7787225042301185, new node val acc: 0.7844970906068163
INFO:root:train auc: 0.8819781448954427, val auc: 0.8725239706711788, new node val auc: 0.8789637018564701
INFO:root:train ap: 0.8806761909673149, val ap: 0.874287348816854, new node val ap: 0.8842775105707594
INFO:root:start 1 epoch
/leonardo_work/IscrC_SISTER/tripteshb/venv/lib/python3.11/site-packages/numpy/_core/fromnumeric.py:3824: RuntimeWarning: Mean of empty slice
  return _methods._mean(a, axis=axis, dtype=dtype,
/leonardo_work/IscrC_SISTER/tripteshb/venv/lib/python3.11/site-packages/numpy/_core/_methods.py:142: RuntimeWarning: invalid value encountered in scalar divide
  ret = ret.dtype.type(ret / rcount)
/leonardo_work/IscrC_SISTER/tripteshb/venv/lib/python3.11/site-packages/numpy/_core/fromnumeric.py:3824: RuntimeWarning: Mean of empty slice
  return _methods._mean(a, axis=axis, dtype=dtype,
/leonardo_work/IscrC_SISTER/tripteshb/venv/lib/python3.11/site-packages/numpy/_core/_methods.py:142: RuntimeWarning: invalid value encountered in scalar divide
  ret = ret.dtype.type(ret / rcount)
INFO:root:epoch: 1
INFO:root:Epoch mean loss: 0.6906745921448333
INFO:root:train acc: 0.8449515589219659, val acc: 0.810575296108291, new node val acc: 0.8103075644222777
INFO:root:train auc: 0.925428392762777, val auc: 0.8964255499153976, new node val auc: 0.9018897201440843
INFO:root:train ap: 0.9245824457019763, val ap: 0.8975953235248957, new node val ap: 0.9066902511416315
INFO:root:start 2 epoch
/leonardo_work/IscrC_SISTER/tripteshb/venv/lib/python3.11/site-packages/numpy/_core/fromnumeric.py:3824: RuntimeWarning: Mean of empty slice
  return _methods._mean(a, axis=axis, dtype=dtype,
/leonardo_work/IscrC_SISTER/tripteshb/venv/lib/python3.11/site-packages/numpy/_core/_methods.py:142: RuntimeWarning: invalid value encountered in scalar divide
  ret = ret.dtype.type(ret / rcount)
/leonardo_work/IscrC_SISTER/tripteshb/venv/lib/python3.11/site-packages/numpy/_core/fromnumeric.py:3824: RuntimeWarning: Mean of empty slice
  return _methods._mean(a, axis=axis, dtype=dtype,
/leonardo_work/IscrC_SISTER/tripteshb/venv/lib/python3.11/site-packages/numpy/_core/_methods.py:142: RuntimeWarning: invalid value encountered in scalar divide
  ret = ret.dtype.type(ret / rcount)
INFO:root:epoch: 2
INFO:root:Epoch mean loss: 0.6246666490076208
INFO:root:train acc: 0.8641157301391579, val acc: 0.8495981387478849, new node val acc: 0.8471737323358272
INFO:root:train auc: 0.9403918505750019, val auc: 0.9321580654258319, new node val auc: 0.9321668052091993
INFO:root:train ap: 0.9398349783333856, val ap: 0.9333468513775507, new node val ap: 0.9355293896414012
INFO:root:start 3 epoch
/leonardo_work/IscrC_SISTER/tripteshb/venv/lib/python3.11/site-packages/numpy/_core/fromnumeric.py:3824: RuntimeWarning: Mean of empty slice
  return _methods._mean(a, axis=axis, dtype=dtype,
/leonardo_work/IscrC_SISTER/tripteshb/venv/lib/python3.11/site-packages/numpy/_core/_methods.py:142: RuntimeWarning: invalid value encountered in scalar divide
  ret = ret.dtype.type(ret / rcount)
/leonardo_work/IscrC_SISTER/tripteshb/venv/lib/python3.11/site-packages/numpy/_core/fromnumeric.py:3824: RuntimeWarning: Mean of empty slice
  return _methods._mean(a, axis=axis, dtype=dtype,
/leonardo_work/IscrC_SISTER/tripteshb/venv/lib/python3.11/site-packages/numpy/_core/_methods.py:142: RuntimeWarning: invalid value encountered in scalar divide
  ret = ret.dtype.type(ret / rcount)
INFO:root:epoch: 3
INFO:root:Epoch mean loss: 0.552158935902739
INFO:root:train acc: 0.8821393341553637, val acc: 0.8748730964467005, new node val acc: 0.871571072319202
INFO:root:train auc: 0.9540448375651124, val auc: 0.9469338691483361, new node val auc: 0.9455417013022999
INFO:root:train ap: 0.9541730058479527, val ap: 0.9486919964335283, new node val ap: 0.9486309600487793
INFO:root:start 4 epoch
/leonardo_work/IscrC_SISTER/tripteshb/venv/lib/python3.11/site-packages/numpy/_core/fromnumeric.py:3824: RuntimeWarning: Mean of empty slice
  return _methods._mean(a, axis=axis, dtype=dtype,
/leonardo_work/IscrC_SISTER/tripteshb/venv/lib/python3.11/site-packages/numpy/_core/_methods.py:142: RuntimeWarning: invalid value encountered in scalar divide
  ret = ret.dtype.type(ret / rcount)
/leonardo_work/IscrC_SISTER/tripteshb/venv/lib/python3.11/site-packages/numpy/_core/fromnumeric.py:3824: RuntimeWarning: Mean of empty slice
  return _methods._mean(a, axis=axis, dtype=dtype,
/leonardo_work/IscrC_SISTER/tripteshb/venv/lib/python3.11/site-packages/numpy/_core/_methods.py:142: RuntimeWarning: invalid value encountered in scalar divide
  ret = ret.dtype.type(ret / rcount)
INFO:root:epoch: 4
INFO:root:Epoch mean loss: 0.5218974716419357
INFO:root:train acc: 0.8884648581997535, val acc: 0.8775592216582064, new node val acc: 0.8763092269326684
INFO:root:train auc: 0.9588715569088302, val auc: 0.9499753243090806, new node val auc: 0.947161263507897
INFO:root:train ap: 0.959518400482157, val ap: 0.9520769423606681, new node val ap: 0.9500409363250901
INFO:root:start 5 epoch
/leonardo_work/IscrC_SISTER/tripteshb/venv/lib/python3.11/site-packages/numpy/_core/fromnumeric.py:3824: RuntimeWarning: Mean of empty slice
  return _methods._mean(a, axis=axis, dtype=dtype,
/leonardo_work/IscrC_SISTER/tripteshb/venv/lib/python3.11/site-packages/numpy/_core/_methods.py:142: RuntimeWarning: invalid value encountered in scalar divide
  ret = ret.dtype.type(ret / rcount)
/leonardo_work/IscrC_SISTER/tripteshb/venv/lib/python3.11/site-packages/numpy/_core/fromnumeric.py:3824: RuntimeWarning: Mean of empty slice
  return _methods._mean(a, axis=axis, dtype=dtype,
/leonardo_work/IscrC_SISTER/tripteshb/venv/lib/python3.11/site-packages/numpy/_core/_methods.py:142: RuntimeWarning: invalid value encountered in scalar divide
  ret = ret.dtype.type(ret / rcount)
INFO:root:epoch: 5
INFO:root:Epoch mean loss: 0.5004492668680727
INFO:root:train acc: 0.8946265633257001, val acc: 0.8795685279187816, new node val acc: 0.8718620116375727
INFO:root:train auc: 0.961933045622688, val auc: 0.9518111957134799, new node val auc: 0.9469922416181767
INFO:root:train ap: 0.962462393941651, val ap: 0.9539545357513269, new node val ap: 0.9504263379638329
INFO:root:start 6 epoch
/leonardo_work/IscrC_SISTER/tripteshb/venv/lib/python3.11/site-packages/numpy/_core/fromnumeric.py:3824: RuntimeWarning: Mean of empty slice
  return _methods._mean(a, axis=axis, dtype=dtype,
/leonardo_work/IscrC_SISTER/tripteshb/venv/lib/python3.11/site-packages/numpy/_core/_methods.py:142: RuntimeWarning: invalid value encountered in scalar divide
  ret = ret.dtype.type(ret / rcount)
/leonardo_work/IscrC_SISTER/tripteshb/venv/lib/python3.11/site-packages/numpy/_core/fromnumeric.py:3824: RuntimeWarning: Mean of empty slice
  return _methods._mean(a, axis=axis, dtype=dtype,
/leonardo_work/IscrC_SISTER/tripteshb/venv/lib/python3.11/site-packages/numpy/_core/_methods.py:142: RuntimeWarning: invalid value encountered in scalar divide
  ret = ret.dtype.type(ret / rcount)
INFO:root:epoch: 6
INFO:root:Epoch mean loss: 0.47259009176573535
INFO:root:train acc: 0.9007310199048795, val acc: 0.8899746192893402, new node val acc: 0.8862842892768079
INFO:root:train auc: 0.966123073051662, val auc: 0.95737239142696, new node val auc: 0.9541784427819342
INFO:root:train ap: 0.9671106652991444, val ap: 0.9593240896792778, new node val ap: 0.957231900588705
INFO:root:start 7 epoch
/leonardo_work/IscrC_SISTER/tripteshb/venv/lib/python3.11/site-packages/numpy/_core/fromnumeric.py:3824: RuntimeWarning: Mean of empty slice
  return _methods._mean(a, axis=axis, dtype=dtype,
/leonardo_work/IscrC_SISTER/tripteshb/venv/lib/python3.11/site-packages/numpy/_core/_methods.py:142: RuntimeWarning: invalid value encountered in scalar divide
  ret = ret.dtype.type(ret / rcount)
/leonardo_work/IscrC_SISTER/tripteshb/venv/lib/python3.11/site-packages/numpy/_core/fromnumeric.py:3824: RuntimeWarning: Mean of empty slice
  return _methods._mean(a, axis=axis, dtype=dtype,
/leonardo_work/IscrC_SISTER/tripteshb/venv/lib/python3.11/site-packages/numpy/_core/_methods.py:142: RuntimeWarning: invalid value encountered in scalar divide
  ret = ret.dtype.type(ret / rcount)
INFO:root:epoch: 7
INFO:root:Epoch mean loss: 0.4670451943442207
INFO:root:train acc: 0.9011044565791791, val acc: 0.8917089678510998, new node val acc: 0.884954280964256
INFO:root:train auc: 0.96695368529656, val auc: 0.9569162436548223, new node val auc: 0.9523385979495705
INFO:root:train ap: 0.9682651889853415, val ap: 0.9591424344264935, new node val ap: 0.956128364254432
INFO:root:start 8 epoch
/leonardo_work/IscrC_SISTER/tripteshb/venv/lib/python3.11/site-packages/numpy/_core/fromnumeric.py:3824: RuntimeWarning: Mean of empty slice
  return _methods._mean(a, axis=axis, dtype=dtype,
/leonardo_work/IscrC_SISTER/tripteshb/venv/lib/python3.11/site-packages/numpy/_core/_methods.py:142: RuntimeWarning: invalid value encountered in scalar divide
  ret = ret.dtype.type(ret / rcount)
/leonardo_work/IscrC_SISTER/tripteshb/venv/lib/python3.11/site-packages/numpy/_core/fromnumeric.py:3824: RuntimeWarning: Mean of empty slice
  return _methods._mean(a, axis=axis, dtype=dtype,
/leonardo_work/IscrC_SISTER/tripteshb/venv/lib/python3.11/site-packages/numpy/_core/_methods.py:142: RuntimeWarning: invalid value encountered in scalar divide
  ret = ret.dtype.type(ret / rcount)
INFO:root:epoch: 8
INFO:root:Epoch mean loss: 0.45142867951740023
INFO:root:train acc: 0.903731724502378, val acc: 0.8962140439932317, new node val acc: 0.8892352452202827
INFO:root:train auc: 0.9687751490978637, val auc: 0.960989847715736, new node val auc: 0.9572734829592685
INFO:root:train ap: 0.9700906701971167, val ap: 0.9627853898526887, new node val ap: 0.9601248341071622
INFO:root:start 9 epoch
/leonardo_work/IscrC_SISTER/tripteshb/venv/lib/python3.11/site-packages/numpy/_core/fromnumeric.py:3824: RuntimeWarning: Mean of empty slice
  return _methods._mean(a, axis=axis, dtype=dtype,
/leonardo_work/IscrC_SISTER/tripteshb/venv/lib/python3.11/site-packages/numpy/_core/_methods.py:142: RuntimeWarning: invalid value encountered in scalar divide
  ret = ret.dtype.type(ret / rcount)
/leonardo_work/IscrC_SISTER/tripteshb/venv/lib/python3.11/site-packages/numpy/_core/fromnumeric.py:3824: RuntimeWarning: Mean of empty slice
  return _methods._mean(a, axis=axis, dtype=dtype,
/leonardo_work/IscrC_SISTER/tripteshb/venv/lib/python3.11/site-packages/numpy/_core/_methods.py:142: RuntimeWarning: invalid value encountered in scalar divide
  ret = ret.dtype.type(ret / rcount)
INFO:root:epoch: 9
INFO:root:Epoch mean loss: 0.4407807785544531
INFO:root:train acc: 0.9067932006341377, val acc: 0.8969543147208121, new node val acc: 0.8903574397339983
INFO:root:train auc: 0.9697916429703818, val auc: 0.9613881838691483, new node val auc: 0.9580562482682183
INFO:root:train ap: 0.9708281589256584, val ap: 0.9632803268640017, new node val ap: 0.9605276246252965
INFO:root:start 10 epoch
/leonardo_work/IscrC_SISTER/tripteshb/venv/lib/python3.11/site-packages/numpy/_core/fromnumeric.py:3824: RuntimeWarning: Mean of empty slice
  return _methods._mean(a, axis=axis, dtype=dtype,
/leonardo_work/IscrC_SISTER/tripteshb/venv/lib/python3.11/site-packages/numpy/_core/_methods.py:142: RuntimeWarning: invalid value encountered in scalar divide
  ret = ret.dtype.type(ret / rcount)
/leonardo_work/IscrC_SISTER/tripteshb/venv/lib/python3.11/site-packages/numpy/_core/fromnumeric.py:3824: RuntimeWarning: Mean of empty slice
  return _methods._mean(a, axis=axis, dtype=dtype,
/leonardo_work/IscrC_SISTER/tripteshb/venv/lib/python3.11/site-packages/numpy/_core/_methods.py:142: RuntimeWarning: invalid value encountered in scalar divide
  ret = ret.dtype.type(ret / rcount)
INFO:root:epoch: 10
INFO:root:Epoch mean loss: 0.43578939560603275
INFO:root:train acc: 0.9074264576360753, val acc: 0.8951565143824027, new node val acc: 0.8872402327514546
INFO:root:train auc: 0.9704673469387755, val auc: 0.962406937394247, new node val auc: 0.9572762538099198
INFO:root:train ap: 0.9715752707690715, val ap: 0.96479106385734, new node val ap: 0.9597642331592858
INFO:root:start 11 epoch
/leonardo_work/IscrC_SISTER/tripteshb/venv/lib/python3.11/site-packages/numpy/_core/fromnumeric.py:3824: RuntimeWarning: Mean of empty slice
  return _methods._mean(a, axis=axis, dtype=dtype,
/leonardo_work/IscrC_SISTER/tripteshb/venv/lib/python3.11/site-packages/numpy/_core/_methods.py:142: RuntimeWarning: invalid value encountered in scalar divide
  ret = ret.dtype.type(ret / rcount)
/leonardo_work/IscrC_SISTER/tripteshb/venv/lib/python3.11/site-packages/numpy/_core/fromnumeric.py:3824: RuntimeWarning: Mean of empty slice
  return _methods._mean(a, axis=axis, dtype=dtype,
/leonardo_work/IscrC_SISTER/tripteshb/venv/lib/python3.11/site-packages/numpy/_core/_methods.py:142: RuntimeWarning: invalid value encountered in scalar divide
  ret = ret.dtype.type(ret / rcount)
INFO:root:epoch: 11
INFO:root:Epoch mean loss: 0.427184889692487
INFO:root:train acc: 0.9094433679760437, val acc: 0.8961082910321488, new node val acc: 0.8893183707398171
INFO:root:train auc: 0.9714372316867562, val auc: 0.9604984489565709, new node val auc: 0.9577860903297312
INFO:root:train ap: 0.9723628397135289, val ap: 0.9618876293345993, new node val ap: 0.9607916188849236
INFO:root:start 12 epoch
/leonardo_work/IscrC_SISTER/tripteshb/venv/lib/python3.11/site-packages/numpy/_core/fromnumeric.py:3824: RuntimeWarning: Mean of empty slice
  return _methods._mean(a, axis=axis, dtype=dtype,
/leonardo_work/IscrC_SISTER/tripteshb/venv/lib/python3.11/site-packages/numpy/_core/_methods.py:142: RuntimeWarning: invalid value encountered in scalar divide
  ret = ret.dtype.type(ret / rcount)
/leonardo_work/IscrC_SISTER/tripteshb/venv/lib/python3.11/site-packages/numpy/_core/fromnumeric.py:3824: RuntimeWarning: Mean of empty slice
  return _methods._mean(a, axis=axis, dtype=dtype,
/leonardo_work/IscrC_SISTER/tripteshb/venv/lib/python3.11/site-packages/numpy/_core/_methods.py:142: RuntimeWarning: invalid value encountered in scalar divide
  ret = ret.dtype.type(ret / rcount)
INFO:root:epoch: 12
INFO:root:Epoch mean loss: 0.41995757707979176
INFO:root:train acc: 0.9112127884446011, val acc: 0.8963620981387478, new node val acc: 0.8897339983374896
INFO:root:train auc: 0.9723039029668588, val auc: 0.962298364354202, new node val auc: 0.9581490717650318
INFO:root:train ap: 0.973108060139717, val ap: 0.9644603687627186, new node val ap: 0.9603291508720209
INFO:root:start 13 epoch
/leonardo_work/IscrC_SISTER/tripteshb/venv/lib/python3.11/site-packages/numpy/_core/fromnumeric.py:3824: RuntimeWarning: Mean of empty slice
  return _methods._mean(a, axis=axis, dtype=dtype,
/leonardo_work/IscrC_SISTER/tripteshb/venv/lib/python3.11/site-packages/numpy/_core/_methods.py:142: RuntimeWarning: invalid value encountered in scalar divide
  ret = ret.dtype.type(ret / rcount)
/leonardo_work/IscrC_SISTER/tripteshb/venv/lib/python3.11/site-packages/numpy/_core/fromnumeric.py:3824: RuntimeWarning: Mean of empty slice
  return _methods._mean(a, axis=axis, dtype=dtype,
/leonardo_work/IscrC_SISTER/tripteshb/venv/lib/python3.11/site-packages/numpy/_core/_methods.py:142: RuntimeWarning: invalid value encountered in scalar divide
  ret = ret.dtype.type(ret / rcount)
INFO:root:epoch: 13
INFO:root:Epoch mean loss: 0.41623412013862343
INFO:root:train acc: 0.9112242381539545, val acc: 0.8994077834179357, new node val acc: 0.8899418121363258
INFO:root:train auc: 0.9727658295377337, val auc: 0.9635258037225044, new node val auc: 0.9594014962593517
INFO:root:train ap: 0.973546596654805, val ap: 0.9651105272150083, new node val ap: 0.9620631361516083
INFO:root:Early stopping at epoch 13
/leonardo_work/IscrC_SISTER/tripteshb/SL-neural-network-for-temporal-graph/models/sl_tgat.py:273: FutureWarning: You are using `torch.load` with `weights_only=False` (the current default value), which uses the default pickle module implicitly. It is possible to construct malicious pickle data which will execute arbitrary code during unpickling (See https://github.com/pytorch/pytorch/blob/main/SECURITY.md#untrusted-models for more details). In a future release, the default value for `weights_only` will be flipped to `True`. This limits the functions that could be executed during unpickling. Arbitrary objects will no longer be allowed to be loaded via this mode unless they are explicitly allowlisted by the user via `torch.serialization.add_safe_globals`. We recommend you start setting `weights_only=True` for any use case where you don't have full control of the loaded file. Please open an issue on GitHub for any issues related to this experimental feature.
  model.load_state_dict(torch.load(best_model_path))
/leonardo_work/IscrC_SISTER/tripteshb/venv/lib/python3.11/site-packages/numpy/_core/fromnumeric.py:3824: RuntimeWarning: Mean of empty slice
  return _methods._mean(a, axis=axis, dtype=dtype,
/leonardo_work/IscrC_SISTER/tripteshb/venv/lib/python3.11/site-packages/numpy/_core/_methods.py:142: RuntimeWarning: invalid value encountered in scalar divide
  ret = ret.dtype.type(ret / rcount)
/leonardo_work/IscrC_SISTER/tripteshb/venv/lib/python3.11/site-packages/numpy/_core/fromnumeric.py:3824: RuntimeWarning: Mean of empty slice
  return _methods._mean(a, axis=axis, dtype=dtype,
/leonardo_work/IscrC_SISTER/tripteshb/venv/lib/python3.11/site-packages/numpy/_core/_methods.py:142: RuntimeWarning: invalid value encountered in scalar divide
  ret = ret.dtype.type(ret / rcount)
INFO:root:Test old nodes -- acc: 0.8849619289340102, auc: 0.953549774393683, ap: 0.9558556933530771
INFO:root:Test new nodes -- acc: 0.8683534283278528, auc: 0.9418576706044737, ap: 0.945582695086207
INFO:root:SL-TGAT model saved to ./saved_models/hello_world-sl-tgat-prod-wikipedia.pth
