INFO:root:Namespace(data='reddit', bs=200, prefix='hello_world', n_degree=20, n_head=2, n_epoch=50, n_layer=2, lr=0.0001, drop_out=0.1, gpu=0, node_dim=100, time_dim=100, agg_method='attn', attn_mode='prod', time='time', uniform=True)
Traceback (most recent call last):
  File "/leonardo_work/IscrC_SISTER/tripteshb/SL-neural-network-for-temporal-graph/models/tgat.py", line 124, in <module>
    g_df = pd.read_csv('./data/ml_{}.csv'.format(DATA))
           ^^^^^^^^^^^^^^^^^^^^^^^^^^^^^^^^^^^^^^^^^^^^
  File "/leonardo_work/IscrC_SISTER/tripteshb/venv/lib/python3.11/site-packages/pandas/io/parsers/readers.py", line 873, in read_csv
    return _read(filepath_or_buffer, kwds)
           ^^^^^^^^^^^^^^^^^^^^^^^^^^^^^^^
  File "/leonardo_work/IscrC_SISTER/tripteshb/venv/lib/python3.11/site-packages/pandas/io/parsers/readers.py", line 300, in _read
    parser = TextFileReader(filepath_or_buffer, **kwds)
             ^^^^^^^^^^^^^^^^^^^^^^^^^^^^^^^^^^^^^^^^^^
  File "/leonardo_work/IscrC_SISTER/tripteshb/venv/lib/python3.11/site-packages/pandas/io/parsers/readers.py", line 1645, in __init__
    self._engine = self._make_engine(f, self.engine)
                   ^^^^^^^^^^^^^^^^^^^^^^^^^^^^^^^^^
  File "/leonardo_work/IscrC_SISTER/tripteshb/venv/lib/python3.11/site-packages/pandas/io/parsers/readers.py", line 1904, in _make_engine
    self.handles = get_handle(
                   ^^^^^^^^^^^
  File "/leonardo_work/IscrC_SISTER/tripteshb/venv/lib/python3.11/site-packages/pandas/io/common.py", line 930, in get_handle
    handle = open(
             ^^^^^
FileNotFoundError: [Errno 2] No such file or directory: './data/ml_reddit.csv'
