INFO:root:Namespace(data='reddit', bs=100, prefix='hello_world', n_degree=10, n_head=2, n_epoch=50, n_layer=3, lr=5e-05, drop_out=0.1, gpu=0, attn_mode='prod', time='time', uniform=True, dt=1.0, sl_alpha=0.04, sl_omega=0.5, sl_beta=1.0, sl_gamma=0.0, coupling_strength=1.0)
INFO:utils.sl_module:Using time encoding
INFO:root:num of training instances: 389989
INFO:root:num of batches per epoch: 3900
INFO:root:start 0 epoch
/leonardo_work/IscrC_SISTER/tripteshb/venv/lib/python3.11/site-packages/numpy/_core/fromnumeric.py:3824: RuntimeWarning: Mean of empty slice
  return _methods._mean(a, axis=axis, dtype=dtype,
/leonardo_work/IscrC_SISTER/tripteshb/venv/lib/python3.11/site-packages/numpy/_core/_methods.py:142: RuntimeWarning: invalid value encountered in scalar divide
  ret = ret.dtype.type(ret / rcount)
/leonardo_work/IscrC_SISTER/tripteshb/venv/lib/python3.11/site-packages/numpy/_core/fromnumeric.py:3824: RuntimeWarning: Mean of empty slice
  return _methods._mean(a, axis=axis, dtype=dtype,
/leonardo_work/IscrC_SISTER/tripteshb/venv/lib/python3.11/site-packages/numpy/_core/_methods.py:142: RuntimeWarning: invalid value encountered in scalar divide
  ret = ret.dtype.type(ret / rcount)
INFO:root:epoch: 0
INFO:root:Epoch mean loss: 0.5723915143884145
INFO:root:train acc: 0.8793529137529138, val acc: 0.897973039944494, new node val acc: 0.8789933230611198
INFO:root:train auc: 0.9479501664017801, val auc: 0.9654240592063964, new node val auc: 0.9521845574387949
INFO:root:train ap: 0.9465970302121623, val ap: 0.966602852538493, new node val ap: 0.952337747451745
INFO:root:start 1 epoch
/leonardo_work/IscrC_SISTER/tripteshb/venv/lib/python3.11/site-packages/numpy/_core/fromnumeric.py:3824: RuntimeWarning: Mean of empty slice
  return _methods._mean(a, axis=axis, dtype=dtype,
/leonardo_work/IscrC_SISTER/tripteshb/venv/lib/python3.11/site-packages/numpy/_core/_methods.py:142: RuntimeWarning: invalid value encountered in scalar divide
  ret = ret.dtype.type(ret / rcount)
/leonardo_work/IscrC_SISTER/tripteshb/venv/lib/python3.11/site-packages/numpy/_core/fromnumeric.py:3824: RuntimeWarning: Mean of empty slice
  return _methods._mean(a, axis=axis, dtype=dtype,
/leonardo_work/IscrC_SISTER/tripteshb/venv/lib/python3.11/site-packages/numpy/_core/_methods.py:142: RuntimeWarning: invalid value encountered in scalar divide
  ret = ret.dtype.type(ret / rcount)
INFO:root:epoch: 1
INFO:root:Epoch mean loss: 0.45945297369972254
INFO:root:train acc: 0.9056677738927739, val acc: 0.911467935375161, new node val acc: 0.895582948125321
INFO:root:train auc: 0.9672451139542276, val auc: 0.971223279479301, new node val auc: 0.9612035610340696
INFO:root:train ap: 0.9683558762476531, val ap: 0.9725086836116014, new node val ap: 0.9623333623874256
INFO:root:start 2 epoch
/leonardo_work/IscrC_SISTER/tripteshb/venv/lib/python3.11/site-packages/numpy/_core/fromnumeric.py:3824: RuntimeWarning: Mean of empty slice
  return _methods._mean(a, axis=axis, dtype=dtype,
/leonardo_work/IscrC_SISTER/tripteshb/venv/lib/python3.11/site-packages/numpy/_core/_methods.py:142: RuntimeWarning: invalid value encountered in scalar divide
  ret = ret.dtype.type(ret / rcount)
/leonardo_work/IscrC_SISTER/tripteshb/venv/lib/python3.11/site-packages/numpy/_core/fromnumeric.py:3824: RuntimeWarning: Mean of empty slice
  return _methods._mean(a, axis=axis, dtype=dtype,
/leonardo_work/IscrC_SISTER/tripteshb/venv/lib/python3.11/site-packages/numpy/_core/_methods.py:142: RuntimeWarning: invalid value encountered in scalar divide
  ret = ret.dtype.type(ret / rcount)
INFO:root:epoch: 2
INFO:root:Epoch mean loss: 0.4278348813072229
INFO:root:train acc: 0.9130745337995337, val acc: 0.9164981663197542, new node val acc: 0.9034668721109399
INFO:root:train auc: 0.9713668134668362, val auc: 0.9748716423827931, new node val auc: 0.9659955487074131
INFO:root:train ap: 0.9727108501142224, val ap: 0.9761362986073832, new node val ap: 0.9673251062392958
INFO:root:start 3 epoch
/leonardo_work/IscrC_SISTER/tripteshb/venv/lib/python3.11/site-packages/numpy/_core/fromnumeric.py:3824: RuntimeWarning: Mean of empty slice
  return _methods._mean(a, axis=axis, dtype=dtype,
/leonardo_work/IscrC_SISTER/tripteshb/venv/lib/python3.11/site-packages/numpy/_core/_methods.py:142: RuntimeWarning: invalid value encountered in scalar divide
  ret = ret.dtype.type(ret / rcount)
/leonardo_work/IscrC_SISTER/tripteshb/venv/lib/python3.11/site-packages/numpy/_core/fromnumeric.py:3824: RuntimeWarning: Mean of empty slice
  return _methods._mean(a, axis=axis, dtype=dtype,
/leonardo_work/IscrC_SISTER/tripteshb/venv/lib/python3.11/site-packages/numpy/_core/_methods.py:142: RuntimeWarning: invalid value encountered in scalar divide
  ret = ret.dtype.type(ret / rcount)
INFO:root:epoch: 3
INFO:root:Epoch mean loss: 0.4108061384734435
INFO:root:train acc: 0.9163206876456875, val acc: 0.9173158885915353, new node val acc: 0.9017976373908577
INFO:root:train auc: 0.9735159894575123, val auc: 0.9765883635642778, new node val auc: 0.9683821263482281
INFO:root:train ap: 0.9749295851094221, val ap: 0.9779379409719748, new node val ap: 0.9698048202368681
INFO:root:start 4 epoch
/leonardo_work/IscrC_SISTER/tripteshb/venv/lib/python3.11/site-packages/numpy/_core/fromnumeric.py:3824: RuntimeWarning: Mean of empty slice
  return _methods._mean(a, axis=axis, dtype=dtype,
/leonardo_work/IscrC_SISTER/tripteshb/venv/lib/python3.11/site-packages/numpy/_core/_methods.py:142: RuntimeWarning: invalid value encountered in scalar divide
  ret = ret.dtype.type(ret / rcount)
/leonardo_work/IscrC_SISTER/tripteshb/venv/lib/python3.11/site-packages/numpy/_core/fromnumeric.py:3824: RuntimeWarning: Mean of empty slice
  return _methods._mean(a, axis=axis, dtype=dtype,
/leonardo_work/IscrC_SISTER/tripteshb/venv/lib/python3.11/site-packages/numpy/_core/_methods.py:142: RuntimeWarning: invalid value encountered in scalar divide
  ret = ret.dtype.type(ret / rcount)
INFO:root:epoch: 4
INFO:root:Epoch mean loss: 0.399434283639376
INFO:root:train acc: 0.9191913752913753, val acc: 0.9210724551491724, new node val acc: 0.9059065228556755
INFO:root:train auc: 0.974756831320195, val auc: 0.977877556414577, new node val auc: 0.9694487245334703
INFO:root:train ap: 0.9760126377718161, val ap: 0.9792240693456963, new node val ap: 0.9707556894652716
INFO:root:start 5 epoch
/leonardo_work/IscrC_SISTER/tripteshb/venv/lib/python3.11/site-packages/numpy/_core/fromnumeric.py:3824: RuntimeWarning: Mean of empty slice
  return _methods._mean(a, axis=axis, dtype=dtype,
/leonardo_work/IscrC_SISTER/tripteshb/venv/lib/python3.11/site-packages/numpy/_core/_methods.py:142: RuntimeWarning: invalid value encountered in scalar divide
  ret = ret.dtype.type(ret / rcount)
/leonardo_work/IscrC_SISTER/tripteshb/venv/lib/python3.11/site-packages/numpy/_core/fromnumeric.py:3824: RuntimeWarning: Mean of empty slice
  return _methods._mean(a, axis=axis, dtype=dtype,
/leonardo_work/IscrC_SISTER/tripteshb/venv/lib/python3.11/site-packages/numpy/_core/_methods.py:142: RuntimeWarning: invalid value encountered in scalar divide
  ret = ret.dtype.type(ret / rcount)
INFO:root:epoch: 5
INFO:root:Epoch mean loss: 0.38933939596781364
INFO:root:train acc: 0.921102738927739, val acc: 0.9220933690157598, new node val acc: 0.9082434514637904
INFO:root:train auc: 0.9759686285759696, val auc: 0.9783470446360722, new node val auc: 0.9701095702790618
INFO:root:train ap: 0.9771677715117514, val ap: 0.9796744096965113, new node val ap: 0.971149739635866
INFO:root:start 6 epoch
/leonardo_work/IscrC_SISTER/tripteshb/venv/lib/python3.11/site-packages/numpy/_core/fromnumeric.py:3824: RuntimeWarning: Mean of empty slice
  return _methods._mean(a, axis=axis, dtype=dtype,
/leonardo_work/IscrC_SISTER/tripteshb/venv/lib/python3.11/site-packages/numpy/_core/_methods.py:142: RuntimeWarning: invalid value encountered in scalar divide
  ret = ret.dtype.type(ret / rcount)
/leonardo_work/IscrC_SISTER/tripteshb/venv/lib/python3.11/site-packages/numpy/_core/fromnumeric.py:3824: RuntimeWarning: Mean of empty slice
  return _methods._mean(a, axis=axis, dtype=dtype,
/leonardo_work/IscrC_SISTER/tripteshb/venv/lib/python3.11/site-packages/numpy/_core/_methods.py:142: RuntimeWarning: invalid value encountered in scalar divide
  ret = ret.dtype.type(ret / rcount)
INFO:root:epoch: 6
INFO:root:Epoch mean loss: 0.3824115027143405
INFO:root:train acc: 0.922956351981352, val acc: 0.9228367528991972, new node val acc: 0.9071648690292758
INFO:root:train auc: 0.9766974380165289, val auc: 0.9783163181022235, new node val auc: 0.9701575072761514
INFO:root:train ap: 0.9780206102021255, val ap: 0.9796836255828033, new node val ap: 0.9717403897463041
INFO:root:start 7 epoch
/leonardo_work/IscrC_SISTER/tripteshb/venv/lib/python3.11/site-packages/numpy/_core/fromnumeric.py:3824: RuntimeWarning: Mean of empty slice
  return _methods._mean(a, axis=axis, dtype=dtype,
/leonardo_work/IscrC_SISTER/tripteshb/venv/lib/python3.11/site-packages/numpy/_core/_methods.py:142: RuntimeWarning: invalid value encountered in scalar divide
  ret = ret.dtype.type(ret / rcount)
/leonardo_work/IscrC_SISTER/tripteshb/venv/lib/python3.11/site-packages/numpy/_core/fromnumeric.py:3824: RuntimeWarning: Mean of empty slice
  return _methods._mean(a, axis=axis, dtype=dtype,
/leonardo_work/IscrC_SISTER/tripteshb/venv/lib/python3.11/site-packages/numpy/_core/_methods.py:142: RuntimeWarning: invalid value encountered in scalar divide
  ret = ret.dtype.type(ret / rcount)
INFO:root:epoch: 7
INFO:root:Epoch mean loss: 0.37745835636861813
INFO:root:train acc: 0.924065909090909, val acc: 0.9238824462285657, new node val acc: 0.9046224961479198
INFO:root:train auc: 0.9772644115808434, val auc: 0.9784269997026466, new node val auc: 0.9692073275124123
INFO:root:train ap: 0.978460435326334, val ap: 0.9797931875914535, new node val ap: 0.9707308845742545
INFO:root:Early stopping at epoch 7
/leonardo_work/IscrC_SISTER/tripteshb/SL-neural-network-for-temporal-graph/models/sl_tgat.py:273: FutureWarning: You are using `torch.load` with `weights_only=False` (the current default value), which uses the default pickle module implicitly. It is possible to construct malicious pickle data which will execute arbitrary code during unpickling (See https://github.com/pytorch/pytorch/blob/main/SECURITY.md#untrusted-models for more details). In a future release, the default value for `weights_only` will be flipped to `True`. This limits the functions that could be executed during unpickling. Arbitrary objects will no longer be allowed to be loaded via this mode unless they are explicitly allowlisted by the user via `torch.serialization.add_safe_globals`. We recommend you start setting `weights_only=True` for any use case where you don't have full control of the loaded file. Please open an issue on GitHub for any issues related to this experimental feature.
  model.load_state_dict(torch.load(best_model_path))
/leonardo_work/IscrC_SISTER/tripteshb/venv/lib/python3.11/site-packages/numpy/_core/fromnumeric.py:3824: RuntimeWarning: Mean of empty slice
  return _methods._mean(a, axis=axis, dtype=dtype,
/leonardo_work/IscrC_SISTER/tripteshb/venv/lib/python3.11/site-packages/numpy/_core/_methods.py:142: RuntimeWarning: invalid value encountered in scalar divide
  ret = ret.dtype.type(ret / rcount)
/leonardo_work/IscrC_SISTER/tripteshb/venv/lib/python3.11/site-packages/numpy/_core/fromnumeric.py:3824: RuntimeWarning: Mean of empty slice
  return _methods._mean(a, axis=axis, dtype=dtype,
/leonardo_work/IscrC_SISTER/tripteshb/venv/lib/python3.11/site-packages/numpy/_core/_methods.py:142: RuntimeWarning: invalid value encountered in scalar divide
  ret = ret.dtype.type(ret / rcount)
INFO:root:Test old nodes -- acc: 0.921543264942016, auc: 0.978244788052995, ap: 0.9796651208949682
INFO:root:Test new nodes -- acc: 0.8956299617759483, auc: 0.9644872810026636, ap: 0.966025613632869
INFO:root:SL-TGAT model saved to ./saved_models/hello_world-sl-tgat-prod-reddit.pth
