INFO:root:Namespace(data='wikipedia', bs=100, prefix='hello_world', n_degree=10, n_head=2, n_epoch=50, n_layer=3, lr=0.0001, drop_out=0.1, gpu=0, attn_mode='prod', time='time', uniform=True, dt=1.0, sl_alpha=0.04, sl_omega=0.5, sl_beta=1.0, sl_gamma=0.0, coupling_strength=1.2)
INFO:utils.sl_module:Using time encoding
INFO:root:num of training instances: 81029
INFO:root:num of batches per epoch: 811
INFO:root:start 0 epoch
/leonardo_work/IscrC_SISTER/tripteshb/venv/lib/python3.11/site-packages/numpy/_core/fromnumeric.py:3824: RuntimeWarning: Mean of empty slice
  return _methods._mean(a, axis=axis, dtype=dtype,
/leonardo_work/IscrC_SISTER/tripteshb/venv/lib/python3.11/site-packages/numpy/_core/_methods.py:142: RuntimeWarning: invalid value encountered in scalar divide
  ret = ret.dtype.type(ret / rcount)
/leonardo_work/IscrC_SISTER/tripteshb/venv/lib/python3.11/site-packages/numpy/_core/fromnumeric.py:3824: RuntimeWarning: Mean of empty slice
  return _methods._mean(a, axis=axis, dtype=dtype,
/leonardo_work/IscrC_SISTER/tripteshb/venv/lib/python3.11/site-packages/numpy/_core/_methods.py:142: RuntimeWarning: invalid value encountered in scalar divide
  ret = ret.dtype.type(ret / rcount)
INFO:root:epoch: 0
INFO:root:Epoch mean loss: 0.8479957200595982
INFO:root:train acc: 0.796288532675709, val acc: 0.7967005076142132, new node val acc: 0.7912302576891105
INFO:root:train auc: 0.8815594202169152, val auc: 0.8798463056965593, new node val auc: 0.8793917982820725
INFO:root:train ap: 0.8770140884820297, val ap: 0.8760693038702175, new node val ap: 0.8796532209594283
INFO:root:start 1 epoch
/leonardo_work/IscrC_SISTER/tripteshb/venv/lib/python3.11/site-packages/numpy/_core/fromnumeric.py:3824: RuntimeWarning: Mean of empty slice
  return _methods._mean(a, axis=axis, dtype=dtype,
/leonardo_work/IscrC_SISTER/tripteshb/venv/lib/python3.11/site-packages/numpy/_core/_methods.py:142: RuntimeWarning: invalid value encountered in scalar divide
  ret = ret.dtype.type(ret / rcount)
/leonardo_work/IscrC_SISTER/tripteshb/venv/lib/python3.11/site-packages/numpy/_core/fromnumeric.py:3824: RuntimeWarning: Mean of empty slice
  return _methods._mean(a, axis=axis, dtype=dtype,
/leonardo_work/IscrC_SISTER/tripteshb/venv/lib/python3.11/site-packages/numpy/_core/_methods.py:142: RuntimeWarning: invalid value encountered in scalar divide
  ret = ret.dtype.type(ret / rcount)
INFO:root:epoch: 1
INFO:root:Epoch mean loss: 0.6784853148107611
INFO:root:train acc: 0.8504077858023603, val acc: 0.8458544839255498, new node val acc: 0.8374064837905237
INFO:root:train auc: 0.9291587672060193, val auc: 0.9212182741116752, new node val auc: 0.9171751177611527
INFO:root:train ap: 0.9261058520570706, val ap: 0.9196726343133306, new node val ap: 0.9177073996773001
INFO:root:start 2 epoch
/leonardo_work/IscrC_SISTER/tripteshb/venv/lib/python3.11/site-packages/numpy/_core/fromnumeric.py:3824: RuntimeWarning: Mean of empty slice
  return _methods._mean(a, axis=axis, dtype=dtype,
/leonardo_work/IscrC_SISTER/tripteshb/venv/lib/python3.11/site-packages/numpy/_core/_methods.py:142: RuntimeWarning: invalid value encountered in scalar divide
  ret = ret.dtype.type(ret / rcount)
/leonardo_work/IscrC_SISTER/tripteshb/venv/lib/python3.11/site-packages/numpy/_core/fromnumeric.py:3824: RuntimeWarning: Mean of empty slice
  return _methods._mean(a, axis=axis, dtype=dtype,
/leonardo_work/IscrC_SISTER/tripteshb/venv/lib/python3.11/site-packages/numpy/_core/_methods.py:142: RuntimeWarning: invalid value encountered in scalar divide
  ret = ret.dtype.type(ret / rcount)
INFO:root:epoch: 2
INFO:root:Epoch mean loss: 0.593479060509349
INFO:root:train acc: 0.872923198872644, val acc: 0.8555414551607444, new node val acc: 0.8475477971737324
INFO:root:train auc: 0.9467286569868391, val auc: 0.9289995769881557, new node val auc: 0.9247880299251872
INFO:root:train ap: 0.9453435058745492, val ap: 0.9277422441038463, new node val ap: 0.9251114946282323
INFO:root:start 3 epoch
/leonardo_work/IscrC_SISTER/tripteshb/venv/lib/python3.11/site-packages/numpy/_core/fromnumeric.py:3824: RuntimeWarning: Mean of empty slice
  return _methods._mean(a, axis=axis, dtype=dtype,
/leonardo_work/IscrC_SISTER/tripteshb/venv/lib/python3.11/site-packages/numpy/_core/_methods.py:142: RuntimeWarning: invalid value encountered in scalar divide
  ret = ret.dtype.type(ret / rcount)
/leonardo_work/IscrC_SISTER/tripteshb/venv/lib/python3.11/site-packages/numpy/_core/fromnumeric.py:3824: RuntimeWarning: Mean of empty slice
  return _methods._mean(a, axis=axis, dtype=dtype,
/leonardo_work/IscrC_SISTER/tripteshb/venv/lib/python3.11/site-packages/numpy/_core/_methods.py:142: RuntimeWarning: invalid value encountered in scalar divide
  ret = ret.dtype.type(ret / rcount)
INFO:root:epoch: 3
INFO:root:Epoch mean loss: 0.5633538329902619
INFO:root:train acc: 0.8802836004932182, val acc: 0.8642978003384094, new node val acc: 0.8573150457190357
INFO:root:train auc: 0.951655640554619, val auc: 0.9382437958262833, new node val auc: 0.9354904405652535
INFO:root:train ap: 0.9512989132780164, val ap: 0.9394098464399019, new node val ap: 0.9376988039492611
INFO:root:start 4 epoch
/leonardo_work/IscrC_SISTER/tripteshb/venv/lib/python3.11/site-packages/numpy/_core/fromnumeric.py:3824: RuntimeWarning: Mean of empty slice
  return _methods._mean(a, axis=axis, dtype=dtype,
/leonardo_work/IscrC_SISTER/tripteshb/venv/lib/python3.11/site-packages/numpy/_core/_methods.py:142: RuntimeWarning: invalid value encountered in scalar divide
  ret = ret.dtype.type(ret / rcount)
/leonardo_work/IscrC_SISTER/tripteshb/venv/lib/python3.11/site-packages/numpy/_core/fromnumeric.py:3824: RuntimeWarning: Mean of empty slice
  return _methods._mean(a, axis=axis, dtype=dtype,
/leonardo_work/IscrC_SISTER/tripteshb/venv/lib/python3.11/site-packages/numpy/_core/_methods.py:142: RuntimeWarning: invalid value encountered in scalar divide
  ret = ret.dtype.type(ret / rcount)
INFO:root:epoch: 4
INFO:root:Epoch mean loss: 0.5325557967296511
INFO:root:train acc: 0.8879469790382244, val acc: 0.8729483925549916, new node val acc: 0.8612635078969244
INFO:root:train auc: 0.9569944890409925, val auc: 0.9451388888888889, new node val auc: 0.940472430036021
INFO:root:train ap: 0.9573779373187202, val ap: 0.9474809272176541, new node val ap: 0.9445551855628959
INFO:root:start 5 epoch
/leonardo_work/IscrC_SISTER/tripteshb/venv/lib/python3.11/site-packages/numpy/_core/fromnumeric.py:3824: RuntimeWarning: Mean of empty slice
  return _methods._mean(a, axis=axis, dtype=dtype,
/leonardo_work/IscrC_SISTER/tripteshb/venv/lib/python3.11/site-packages/numpy/_core/_methods.py:142: RuntimeWarning: invalid value encountered in scalar divide
  ret = ret.dtype.type(ret / rcount)
/leonardo_work/IscrC_SISTER/tripteshb/venv/lib/python3.11/site-packages/numpy/_core/fromnumeric.py:3824: RuntimeWarning: Mean of empty slice
  return _methods._mean(a, axis=axis, dtype=dtype,
/leonardo_work/IscrC_SISTER/tripteshb/venv/lib/python3.11/site-packages/numpy/_core/_methods.py:142: RuntimeWarning: invalid value encountered in scalar divide
  ret = ret.dtype.type(ret / rcount)
INFO:root:epoch: 5
INFO:root:Epoch mean loss: 0.5127856318371511
INFO:root:train acc: 0.8913378545006165, val acc: 0.87914551607445, new node val acc: 0.8695344970906068
INFO:root:train auc: 0.9599886257832357, val auc: 0.9496101240834743, new node val auc: 0.9437697423108894
INFO:root:train ap: 0.9605672934927371, val ap: 0.9508546791246207, new node val ap: 0.9454753348586694
INFO:root:start 6 epoch
/leonardo_work/IscrC_SISTER/tripteshb/venv/lib/python3.11/site-packages/numpy/_core/fromnumeric.py:3824: RuntimeWarning: Mean of empty slice
  return _methods._mean(a, axis=axis, dtype=dtype,
/leonardo_work/IscrC_SISTER/tripteshb/venv/lib/python3.11/site-packages/numpy/_core/_methods.py:142: RuntimeWarning: invalid value encountered in scalar divide
  ret = ret.dtype.type(ret / rcount)
/leonardo_work/IscrC_SISTER/tripteshb/venv/lib/python3.11/site-packages/numpy/_core/fromnumeric.py:3824: RuntimeWarning: Mean of empty slice
  return _methods._mean(a, axis=axis, dtype=dtype,
/leonardo_work/IscrC_SISTER/tripteshb/venv/lib/python3.11/site-packages/numpy/_core/_methods.py:142: RuntimeWarning: invalid value encountered in scalar divide
  ret = ret.dtype.type(ret / rcount)
INFO:root:epoch: 6
INFO:root:Epoch mean loss: 0.49894292922701994
INFO:root:train acc: 0.8933327461687511, val acc: 0.8805414551607446, new node val acc: 0.8707398171238571
INFO:root:train auc: 0.9615932811595662, val auc: 0.9521587704455724, new node val auc: 0.948226655583264
INFO:root:train ap: 0.962275774268478, val ap: 0.9543738550335086, new node val ap: 0.9501529727601428
INFO:root:start 7 epoch
/leonardo_work/IscrC_SISTER/tripteshb/venv/lib/python3.11/site-packages/numpy/_core/fromnumeric.py:3824: RuntimeWarning: Mean of empty slice
  return _methods._mean(a, axis=axis, dtype=dtype,
/leonardo_work/IscrC_SISTER/tripteshb/venv/lib/python3.11/site-packages/numpy/_core/_methods.py:142: RuntimeWarning: invalid value encountered in scalar divide
  ret = ret.dtype.type(ret / rcount)
/leonardo_work/IscrC_SISTER/tripteshb/venv/lib/python3.11/site-packages/numpy/_core/fromnumeric.py:3824: RuntimeWarning: Mean of empty slice
  return _methods._mean(a, axis=axis, dtype=dtype,
/leonardo_work/IscrC_SISTER/tripteshb/venv/lib/python3.11/site-packages/numpy/_core/_methods.py:142: RuntimeWarning: invalid value encountered in scalar divide
  ret = ret.dtype.type(ret / rcount)
INFO:root:epoch: 7
INFO:root:Epoch mean loss: 0.48601766968772975
INFO:root:train acc: 0.8960419235511713, val acc: 0.8826142131979695, new node val acc: 0.8706566916043225
INFO:root:train auc: 0.9637304990060143, val auc: 0.9525169204737733, new node val auc: 0.9451745635910224
INFO:root:train ap: 0.9643249943659007, val ap: 0.9537537329666147, new node val ap: 0.946104824731638
INFO:root:start 8 epoch
/leonardo_work/IscrC_SISTER/tripteshb/venv/lib/python3.11/site-packages/numpy/_core/fromnumeric.py:3824: RuntimeWarning: Mean of empty slice
  return _methods._mean(a, axis=axis, dtype=dtype,
/leonardo_work/IscrC_SISTER/tripteshb/venv/lib/python3.11/site-packages/numpy/_core/_methods.py:142: RuntimeWarning: invalid value encountered in scalar divide
  ret = ret.dtype.type(ret / rcount)
/leonardo_work/IscrC_SISTER/tripteshb/venv/lib/python3.11/site-packages/numpy/_core/fromnumeric.py:3824: RuntimeWarning: Mean of empty slice
  return _methods._mean(a, axis=axis, dtype=dtype,
/leonardo_work/IscrC_SISTER/tripteshb/venv/lib/python3.11/site-packages/numpy/_core/_methods.py:142: RuntimeWarning: invalid value encountered in scalar divide
  ret = ret.dtype.type(ret / rcount)
INFO:root:epoch: 8
INFO:root:Epoch mean loss: 0.4696157139378029
INFO:root:train acc: 0.9000686982561212, val acc: 0.8844754653130288, new node val acc: 0.871238570241064
INFO:root:train auc: 0.9657944387125998, val auc: 0.9507741116751269, new node val auc: 0.9434940426711
INFO:root:train ap: 0.9666593422230279, val ap: 0.95000626666709, new node val ap: 0.9438678479910866
INFO:root:start 9 epoch
/leonardo_work/IscrC_SISTER/tripteshb/venv/lib/python3.11/site-packages/numpy/_core/fromnumeric.py:3824: RuntimeWarning: Mean of empty slice
  return _methods._mean(a, axis=axis, dtype=dtype,
/leonardo_work/IscrC_SISTER/tripteshb/venv/lib/python3.11/site-packages/numpy/_core/_methods.py:142: RuntimeWarning: invalid value encountered in scalar divide
  ret = ret.dtype.type(ret / rcount)
/leonardo_work/IscrC_SISTER/tripteshb/venv/lib/python3.11/site-packages/numpy/_core/fromnumeric.py:3824: RuntimeWarning: Mean of empty slice
  return _methods._mean(a, axis=axis, dtype=dtype,
/leonardo_work/IscrC_SISTER/tripteshb/venv/lib/python3.11/site-packages/numpy/_core/_methods.py:142: RuntimeWarning: invalid value encountered in scalar divide
  ret = ret.dtype.type(ret / rcount)
INFO:root:epoch: 9
INFO:root:Epoch mean loss: 0.46561184459344085
INFO:root:train acc: 0.9005522282895896, val acc: 0.8822758037225042, new node val acc: 0.8699916874480466
INFO:root:train auc: 0.9662990223709705, val auc: 0.9532691765369431, new node val auc: 0.9451814907176502
INFO:root:train ap: 0.966759578215301, val ap: 0.9553696479850967, new node val ap: 0.946511125627301
INFO:root:start 10 epoch
/leonardo_work/IscrC_SISTER/tripteshb/venv/lib/python3.11/site-packages/numpy/_core/fromnumeric.py:3824: RuntimeWarning: Mean of empty slice
  return _methods._mean(a, axis=axis, dtype=dtype,
/leonardo_work/IscrC_SISTER/tripteshb/venv/lib/python3.11/site-packages/numpy/_core/_methods.py:142: RuntimeWarning: invalid value encountered in scalar divide
  ret = ret.dtype.type(ret / rcount)
/leonardo_work/IscrC_SISTER/tripteshb/venv/lib/python3.11/site-packages/numpy/_core/fromnumeric.py:3824: RuntimeWarning: Mean of empty slice
  return _methods._mean(a, axis=axis, dtype=dtype,
/leonardo_work/IscrC_SISTER/tripteshb/venv/lib/python3.11/site-packages/numpy/_core/_methods.py:142: RuntimeWarning: invalid value encountered in scalar divide
  ret = ret.dtype.type(ret / rcount)
INFO:root:epoch: 10
INFO:root:Epoch mean loss: 0.4542656989559145
INFO:root:train acc: 0.9035265104808878, val acc: 0.8898688663282572, new node val acc: 0.8781795511221945
INFO:root:train auc: 0.9677906112383302, val auc: 0.9564572758037224, new node val auc: 0.9523261291216404
INFO:root:train ap: 0.968138400192545, val ap: 0.9570572002381682, new node val ap: 0.9532394918564896
INFO:root:start 11 epoch
/leonardo_work/IscrC_SISTER/tripteshb/venv/lib/python3.11/site-packages/numpy/_core/fromnumeric.py:3824: RuntimeWarning: Mean of empty slice
  return _methods._mean(a, axis=axis, dtype=dtype,
/leonardo_work/IscrC_SISTER/tripteshb/venv/lib/python3.11/site-packages/numpy/_core/_methods.py:142: RuntimeWarning: invalid value encountered in scalar divide
  ret = ret.dtype.type(ret / rcount)
/leonardo_work/IscrC_SISTER/tripteshb/venv/lib/python3.11/site-packages/numpy/_core/fromnumeric.py:3824: RuntimeWarning: Mean of empty slice
  return _methods._mean(a, axis=axis, dtype=dtype,
/leonardo_work/IscrC_SISTER/tripteshb/venv/lib/python3.11/site-packages/numpy/_core/_methods.py:142: RuntimeWarning: invalid value encountered in scalar divide
  ret = ret.dtype.type(ret / rcount)
INFO:root:epoch: 11
INFO:root:Epoch mean loss: 0.44101247011365785
INFO:root:train acc: 0.90653602254712, val acc: 0.8848350253807107, new node val acc: 0.8731088944305903
INFO:root:train auc: 0.9696119504768616, val auc: 0.954391567963903, new node val auc: 0.947761152673871
INFO:root:train ap: 0.9703563518350371, val ap: 0.9559120677309024, new node val ap: 0.9502841766501393
INFO:root:start 12 epoch
/leonardo_work/IscrC_SISTER/tripteshb/venv/lib/python3.11/site-packages/numpy/_core/fromnumeric.py:3824: RuntimeWarning: Mean of empty slice
  return _methods._mean(a, axis=axis, dtype=dtype,
/leonardo_work/IscrC_SISTER/tripteshb/venv/lib/python3.11/site-packages/numpy/_core/_methods.py:142: RuntimeWarning: invalid value encountered in scalar divide
  ret = ret.dtype.type(ret / rcount)
/leonardo_work/IscrC_SISTER/tripteshb/venv/lib/python3.11/site-packages/numpy/_core/fromnumeric.py:3824: RuntimeWarning: Mean of empty slice
  return _methods._mean(a, axis=axis, dtype=dtype,
/leonardo_work/IscrC_SISTER/tripteshb/venv/lib/python3.11/site-packages/numpy/_core/_methods.py:142: RuntimeWarning: invalid value encountered in scalar divide
  ret = ret.dtype.type(ret / rcount)
INFO:root:epoch: 12
INFO:root:Epoch mean loss: 0.44369343810619466
INFO:root:train acc: 0.9060428042980447, val acc: 0.8871404399323181, new node val acc: 0.8756442227763923
INFO:root:train auc: 0.9689701753944489, val auc: 0.9579624929498025, new node val auc: 0.9515059573289
INFO:root:train ap: 0.9694006262393685, val ap: 0.9593189055397112, new node val ap: 0.9529966256653291
INFO:root:start 13 epoch
/leonardo_work/IscrC_SISTER/tripteshb/venv/lib/python3.11/site-packages/numpy/_core/fromnumeric.py:3824: RuntimeWarning: Mean of empty slice
  return _methods._mean(a, axis=axis, dtype=dtype,
/leonardo_work/IscrC_SISTER/tripteshb/venv/lib/python3.11/site-packages/numpy/_core/_methods.py:142: RuntimeWarning: invalid value encountered in scalar divide
  ret = ret.dtype.type(ret / rcount)
/leonardo_work/IscrC_SISTER/tripteshb/venv/lib/python3.11/site-packages/numpy/_core/fromnumeric.py:3824: RuntimeWarning: Mean of empty slice
  return _methods._mean(a, axis=axis, dtype=dtype,
/leonardo_work/IscrC_SISTER/tripteshb/venv/lib/python3.11/site-packages/numpy/_core/_methods.py:142: RuntimeWarning: invalid value encountered in scalar divide
  ret = ret.dtype.type(ret / rcount)
INFO:root:epoch: 13
INFO:root:Epoch mean loss: 0.43402903711678215
INFO:root:train acc: 0.9071208384710233, val acc: 0.8867174280879865, new node val acc: 0.8721529509559435
INFO:root:train auc: 0.9704863660384007, val auc: 0.9565778341793569, new node val auc: 0.9483014685508452
INFO:root:train ap: 0.9710391214251524, val ap: 0.9573764197754077, new node val ap: 0.9489237096394547
INFO:root:start 14 epoch
/leonardo_work/IscrC_SISTER/tripteshb/venv/lib/python3.11/site-packages/numpy/_core/fromnumeric.py:3824: RuntimeWarning: Mean of empty slice
  return _methods._mean(a, axis=axis, dtype=dtype,
/leonardo_work/IscrC_SISTER/tripteshb/venv/lib/python3.11/site-packages/numpy/_core/_methods.py:142: RuntimeWarning: invalid value encountered in scalar divide
  ret = ret.dtype.type(ret / rcount)
/leonardo_work/IscrC_SISTER/tripteshb/venv/lib/python3.11/site-packages/numpy/_core/fromnumeric.py:3824: RuntimeWarning: Mean of empty slice
  return _methods._mean(a, axis=axis, dtype=dtype,
/leonardo_work/IscrC_SISTER/tripteshb/venv/lib/python3.11/site-packages/numpy/_core/_methods.py:142: RuntimeWarning: invalid value encountered in scalar divide
  ret = ret.dtype.type(ret / rcount)
INFO:root:epoch: 14
INFO:root:Epoch mean loss: 0.42783484342433376
INFO:root:train acc: 0.9091835476484058, val acc: 0.8857445008460237, new node val acc: 0.87024106400665
INFO:root:train auc: 0.9712035682830469, val auc: 0.9563487027636772, new node val auc: 0.9497229149348849
INFO:root:train ap: 0.9718566608876572, val ap: 0.9573993513980263, new node val ap: 0.9520618011859489
INFO:root:start 15 epoch
/leonardo_work/IscrC_SISTER/tripteshb/venv/lib/python3.11/site-packages/numpy/_core/fromnumeric.py:3824: RuntimeWarning: Mean of empty slice
  return _methods._mean(a, axis=axis, dtype=dtype,
/leonardo_work/IscrC_SISTER/tripteshb/venv/lib/python3.11/site-packages/numpy/_core/_methods.py:142: RuntimeWarning: invalid value encountered in scalar divide
  ret = ret.dtype.type(ret / rcount)
/leonardo_work/IscrC_SISTER/tripteshb/venv/lib/python3.11/site-packages/numpy/_core/fromnumeric.py:3824: RuntimeWarning: Mean of empty slice
  return _methods._mean(a, axis=axis, dtype=dtype,
/leonardo_work/IscrC_SISTER/tripteshb/venv/lib/python3.11/site-packages/numpy/_core/_methods.py:142: RuntimeWarning: invalid value encountered in scalar divide
  ret = ret.dtype.type(ret / rcount)
INFO:root:epoch: 15
INFO:root:Epoch mean loss: 0.4241703253712519
INFO:root:train acc: 0.909062885326757, val acc: 0.8897419627749578, new node val acc: 0.8792186201163757
INFO:root:train auc: 0.971630119026649, val auc: 0.958247320924986, new node val auc: 0.9517456359102245
INFO:root:train ap: 0.9724315273135049, val ap: 0.9593939313905845, new node val ap: 0.9530415114077646
INFO:root:Early stopping at epoch 15
/leonardo_work/IscrC_SISTER/tripteshb/SL-neural-network-for-temporal-graph/models/sl_tgat.py:273: FutureWarning: You are using `torch.load` with `weights_only=False` (the current default value), which uses the default pickle module implicitly. It is possible to construct malicious pickle data which will execute arbitrary code during unpickling (See https://github.com/pytorch/pytorch/blob/main/SECURITY.md#untrusted-models for more details). In a future release, the default value for `weights_only` will be flipped to `True`. This limits the functions that could be executed during unpickling. Arbitrary objects will no longer be allowed to be loaded via this mode unless they are explicitly allowlisted by the user via `torch.serialization.add_safe_globals`. We recommend you start setting `weights_only=True` for any use case where you don't have full control of the loaded file. Please open an issue on GitHub for any issues related to this experimental feature.
  model.load_state_dict(torch.load(best_model_path))
/leonardo_work/IscrC_SISTER/tripteshb/venv/lib/python3.11/site-packages/numpy/_core/fromnumeric.py:3824: RuntimeWarning: Mean of empty slice
  return _methods._mean(a, axis=axis, dtype=dtype,
/leonardo_work/IscrC_SISTER/tripteshb/venv/lib/python3.11/site-packages/numpy/_core/_methods.py:142: RuntimeWarning: invalid value encountered in scalar divide
  ret = ret.dtype.type(ret / rcount)
/leonardo_work/IscrC_SISTER/tripteshb/venv/lib/python3.11/site-packages/numpy/_core/fromnumeric.py:3824: RuntimeWarning: Mean of empty slice
  return _methods._mean(a, axis=axis, dtype=dtype,
/leonardo_work/IscrC_SISTER/tripteshb/venv/lib/python3.11/site-packages/numpy/_core/_methods.py:142: RuntimeWarning: invalid value encountered in scalar divide
  ret = ret.dtype.type(ret / rcount)
INFO:root:Test old nodes -- acc: 0.8708121827411167, auc: 0.9450817822899041, ap: 0.9459928209275182
INFO:root:Test new nodes -- acc: 0.848258433808306, auc: 0.9296561233188928, ap: 0.9320680697902692
INFO:root:SL-TGAT model saved to ./saved_models/hello_world-sl-tgat-prod-wikipedia.pth
