INFO:root:Namespace(data='reddit', bs=100, prefix='hello_world', n_degree=12, n_head=2, n_epoch=50, n_layer=3, lr=5e-05, drop_out=0.1, gpu=0, attn_mode='prod', time='time', uniform=True, dt=1.0, sl_alpha=0.04, sl_omega=0.5, sl_beta=1.0, sl_gamma=0.0, coupling_strength=1.0)
INFO:utils.sl_module:Using time encoding
INFO:root:num of training instances: 389989
INFO:root:num of batches per epoch: 3900
INFO:root:start 0 epoch
/leonardo_work/IscrC_SISTER/tripteshb/venv/lib/python3.11/site-packages/numpy/_core/fromnumeric.py:3824: RuntimeWarning: Mean of empty slice
  return _methods._mean(a, axis=axis, dtype=dtype,
/leonardo_work/IscrC_SISTER/tripteshb/venv/lib/python3.11/site-packages/numpy/_core/_methods.py:142: RuntimeWarning: invalid value encountered in scalar divide
  ret = ret.dtype.type(ret / rcount)
/leonardo_work/IscrC_SISTER/tripteshb/venv/lib/python3.11/site-packages/numpy/_core/fromnumeric.py:3824: RuntimeWarning: Mean of empty slice
  return _methods._mean(a, axis=axis, dtype=dtype,
/leonardo_work/IscrC_SISTER/tripteshb/venv/lib/python3.11/site-packages/numpy/_core/_methods.py:142: RuntimeWarning: invalid value encountered in scalar divide
  ret = ret.dtype.type(ret / rcount)
INFO:root:epoch: 0
INFO:root:Epoch mean loss: 0.5532247535234842
INFO:root:train acc: 0.8841236596736596, val acc: 0.9033402715829121, new node val acc: 0.8853107344632768
INFO:root:train auc: 0.9514194073426573, val auc: 0.9677411041728615, new node val auc: 0.954351994521486
INFO:root:train ap: 0.9504133723817434, val ap: 0.9690852874938338, new node val ap: 0.9546292400625762
INFO:root:start 1 epoch
/leonardo_work/IscrC_SISTER/tripteshb/venv/lib/python3.11/site-packages/numpy/_core/fromnumeric.py:3824: RuntimeWarning: Mean of empty slice
  return _methods._mean(a, axis=axis, dtype=dtype,
/leonardo_work/IscrC_SISTER/tripteshb/venv/lib/python3.11/site-packages/numpy/_core/_methods.py:142: RuntimeWarning: invalid value encountered in scalar divide
  ret = ret.dtype.type(ret / rcount)
/leonardo_work/IscrC_SISTER/tripteshb/venv/lib/python3.11/site-packages/numpy/_core/fromnumeric.py:3824: RuntimeWarning: Mean of empty slice
  return _methods._mean(a, axis=axis, dtype=dtype,
/leonardo_work/IscrC_SISTER/tripteshb/venv/lib/python3.11/site-packages/numpy/_core/_methods.py:142: RuntimeWarning: invalid value encountered in scalar divide
  ret = ret.dtype.type(ret / rcount)
INFO:root:epoch: 1
INFO:root:Epoch mean loss: 0.4495338917619143
INFO:root:train acc: 0.9079006993006994, val acc: 0.9118396273168798, new node val acc: 0.8994607087827426
INFO:root:train auc: 0.9685850591756728, val auc: 0.9714999834803582, new node val auc: 0.96190891970553
INFO:root:train ap: 0.9697297191563113, val ap: 0.9725577794150883, new node val ap: 0.9624075960565114
INFO:root:start 2 epoch
/leonardo_work/IscrC_SISTER/tripteshb/venv/lib/python3.11/site-packages/numpy/_core/fromnumeric.py:3824: RuntimeWarning: Mean of empty slice
  return _methods._mean(a, axis=axis, dtype=dtype,
/leonardo_work/IscrC_SISTER/tripteshb/venv/lib/python3.11/site-packages/numpy/_core/_methods.py:142: RuntimeWarning: invalid value encountered in scalar divide
  ret = ret.dtype.type(ret / rcount)
/leonardo_work/IscrC_SISTER/tripteshb/venv/lib/python3.11/site-packages/numpy/_core/fromnumeric.py:3824: RuntimeWarning: Mean of empty slice
  return _methods._mean(a, axis=axis, dtype=dtype,
/leonardo_work/IscrC_SISTER/tripteshb/venv/lib/python3.11/site-packages/numpy/_core/_methods.py:142: RuntimeWarning: invalid value encountered in scalar divide
  ret = ret.dtype.type(ret / rcount)
INFO:root:epoch: 2
INFO:root:Epoch mean loss: 0.4288537405813352
INFO:root:train acc: 0.9129655594405593, val acc: 0.9150510456933294, new node val acc: 0.8992039034411916
INFO:root:train auc: 0.9712480140919686, val auc: 0.974375061948657, new node val auc: 0.9655641157336073
INFO:root:train ap: 0.9723083372745799, val ap: 0.9755740713465305, new node val ap: 0.9666376374344825
INFO:root:start 3 epoch
/leonardo_work/IscrC_SISTER/tripteshb/venv/lib/python3.11/site-packages/numpy/_core/fromnumeric.py:3824: RuntimeWarning: Mean of empty slice
  return _methods._mean(a, axis=axis, dtype=dtype,
/leonardo_work/IscrC_SISTER/tripteshb/venv/lib/python3.11/site-packages/numpy/_core/_methods.py:142: RuntimeWarning: invalid value encountered in scalar divide
  ret = ret.dtype.type(ret / rcount)
/leonardo_work/IscrC_SISTER/tripteshb/venv/lib/python3.11/site-packages/numpy/_core/fromnumeric.py:3824: RuntimeWarning: Mean of empty slice
  return _methods._mean(a, axis=axis, dtype=dtype,
/leonardo_work/IscrC_SISTER/tripteshb/venv/lib/python3.11/site-packages/numpy/_core/_methods.py:142: RuntimeWarning: invalid value encountered in scalar divide
  ret = ret.dtype.type(ret / rcount)
INFO:root:epoch: 3
INFO:root:Epoch mean loss: 0.4081659906453047
INFO:root:train acc: 0.9169935314685315, val acc: 0.9206066012488849, new node val acc: 0.9060349255264509
INFO:root:train auc: 0.973648944373808, val auc: 0.9770286120196914, new node val auc: 0.9694281801061462
INFO:root:train ap: 0.9748069612273945, val ap: 0.97811025417696, new node val ap: 0.9709057613997013
INFO:root:start 4 epoch
/leonardo_work/IscrC_SISTER/tripteshb/venv/lib/python3.11/site-packages/numpy/_core/fromnumeric.py:3824: RuntimeWarning: Mean of empty slice
  return _methods._mean(a, axis=axis, dtype=dtype,
/leonardo_work/IscrC_SISTER/tripteshb/venv/lib/python3.11/site-packages/numpy/_core/_methods.py:142: RuntimeWarning: invalid value encountered in scalar divide
  ret = ret.dtype.type(ret / rcount)
/leonardo_work/IscrC_SISTER/tripteshb/venv/lib/python3.11/site-packages/numpy/_core/fromnumeric.py:3824: RuntimeWarning: Mean of empty slice
  return _methods._mean(a, axis=axis, dtype=dtype,
/leonardo_work/IscrC_SISTER/tripteshb/venv/lib/python3.11/site-packages/numpy/_core/_methods.py:142: RuntimeWarning: invalid value encountered in scalar divide
  ret = ret.dtype.type(ret / rcount)
INFO:root:epoch: 4
INFO:root:Epoch mean loss: 0.39359452977012366
INFO:root:train acc: 0.9204635198135199, val acc: 0.9209138665873724, new node val acc: 0.9005392912172574
INFO:root:train auc: 0.9753820261707989, val auc: 0.9779122476624706, new node val auc: 0.9666204417051873
INFO:root:train ap: 0.9766078453988146, val ap: 0.9792440400324137, new node val ap: 0.9684253543990635
INFO:root:start 5 epoch
/leonardo_work/IscrC_SISTER/tripteshb/venv/lib/python3.11/site-packages/numpy/_core/fromnumeric.py:3824: RuntimeWarning: Mean of empty slice
  return _methods._mean(a, axis=axis, dtype=dtype,
/leonardo_work/IscrC_SISTER/tripteshb/venv/lib/python3.11/site-packages/numpy/_core/_methods.py:142: RuntimeWarning: invalid value encountered in scalar divide
  ret = ret.dtype.type(ret / rcount)
/leonardo_work/IscrC_SISTER/tripteshb/venv/lib/python3.11/site-packages/numpy/_core/fromnumeric.py:3824: RuntimeWarning: Mean of empty slice
  return _methods._mean(a, axis=axis, dtype=dtype,
/leonardo_work/IscrC_SISTER/tripteshb/venv/lib/python3.11/site-packages/numpy/_core/_methods.py:142: RuntimeWarning: invalid value encountered in scalar divide
  ret = ret.dtype.type(ret / rcount)
INFO:root:epoch: 5
INFO:root:Epoch mean loss: 0.3844330816352979
INFO:root:train acc: 0.9221019230769232, val acc: 0.9235950044603034, new node val acc: 0.9050077041602466
INFO:root:train auc: 0.9764100091650774, val auc: 0.9791657580863646, new node val auc: 0.9703458311932888
INFO:root:train ap: 0.9775656163568811, val ap: 0.9803642264899138, new node val ap: 0.9721215914757115
INFO:root:start 6 epoch
/leonardo_work/IscrC_SISTER/tripteshb/venv/lib/python3.11/site-packages/numpy/_core/fromnumeric.py:3824: RuntimeWarning: Mean of empty slice
  return _methods._mean(a, axis=axis, dtype=dtype,
/leonardo_work/IscrC_SISTER/tripteshb/venv/lib/python3.11/site-packages/numpy/_core/_methods.py:142: RuntimeWarning: invalid value encountered in scalar divide
  ret = ret.dtype.type(ret / rcount)
/leonardo_work/IscrC_SISTER/tripteshb/venv/lib/python3.11/site-packages/numpy/_core/fromnumeric.py:3824: RuntimeWarning: Mean of empty slice
  return _methods._mean(a, axis=axis, dtype=dtype,
/leonardo_work/IscrC_SISTER/tripteshb/venv/lib/python3.11/site-packages/numpy/_core/_methods.py:142: RuntimeWarning: invalid value encountered in scalar divide
  ret = ret.dtype.type(ret / rcount)
INFO:root:epoch: 6
INFO:root:Epoch mean loss: 0.3781922205021748
INFO:root:train acc: 0.9232631118881118, val acc: 0.9229705619982158, new node val acc: 0.9067796610169492
INFO:root:train auc: 0.9771432342657344, val auc: 0.9792407572603825, new node val auc: 0.969763739085773
INFO:root:train ap: 0.9783259384675868, val ap: 0.9803654743664696, new node val ap: 0.9711392626408925
INFO:root:start 7 epoch
slurmstepd: error: *** JOB 49466523 ON lrdn2676 CANCELLED AT 2026-07-16T01:46:25 DUE TO TIME LIMIT ***
